{"/home/grimroot/Desktop/8voSemestre/RayoGoPFM/backend/src/app.js": {"path":"/home/grimroot/Desktop/8voSemestre/RayoGoPFM/backend/src/app.js","statementMap":{"0":{"start":{"line":1,"column":0},"end":{"line":1,"column":27}},"1":{"start":{"line":2,"column":13},"end":{"line":2,"column":28}},"2":{"start":{"line":3,"column":16},"end":{"line":3,"column":34}},"3":{"start":{"line":4,"column":13},"end":{"line":4,"column":28}},"4":{"start":{"line":5,"column":15},"end":{"line":5,"column":32}},"5":{"start":{"line":6,"column":15},"end":{"line":6,"column":32}},"6":{"start":{"line":7,"column":15},"end":{"line":7,"column":34}},"7":{"start":{"line":8,"column":25},"end":{"line":8,"column":66}},"8":{"start":{"line":10,"column":12},"end":{"line":10,"column":21}},"9":{"start":{"line":12,"column":0},"end":{"line":12,"column":54}},"10":{"start":{"line":13,"column":0},"end":{"line":13,"column":58}},"11":{"start":{"line":14,"column":0},"end":{"line":14,"column":40}},"12":{"start":{"line":15,"column":0},"end":{"line":15,"column":48}},"13":{"start":{"line":16,"column":0},"end":{"line":16,"column":23}},"14":{"start":{"line":17,"column":0},"end":{"line":17,"column":101}},"15":{"start":{"line":19,"column":0},"end":{"line":21,"column":3}},"16":{"start":{"line":20,"column":2},"end":{"line":20,"column":60}},"17":{"start":{"line":23,"column":0},"end":{"line":23,"column":24}},"18":{"start":{"line":24,"column":0},"end":{"line":24,"column":22}},"19":{"start":{"line":26,"column":0},"end":{"line":26,"column":21}}},"fnMap":{"0":{"name":"(anonymous_0)","decl":{"start":{"line":19,"column":19},"end":{"line":19,"column":20}},"loc":{"start":{"line":19,"column":33},"end":{"line":21,"column":1}},"line":19}},"branchMap":{"0":{"loc":{"start":{"line":13,"column":23},"end":{"line":13,"column":53}},"type":"binary-expr","locations":[{"start":{"line":13,"column":23},"end":{"line":13,"column":46}},{"start":{"line":13,"column":50},"end":{"line":13,"column":53}}],"line":13},"1":{"loc":{"start":{"line":17,"column":62},"end":{"line":17,"column":97}},"type":"binary-expr","locations":[{"start":{"line":17,"column":62},"end":{"line":17,"column":84}},{"start":{"line":17,"column":88},"end":{"line":17,"column":97}}],"line":17}},"s":{"0":4,"1":4,"2":4,"3":4,"4":4,"5":4,"6":4,"7":4,"8":4,"9":4,"10":4,"11":4,"12":4,"13":4,"14":4,"15":4,"16":1,"17":4,"18":4,"19":4},"f":{"0":1},"b":{"0":[4,0],"1":[4,0]},"_coverageSchema":"1a1c01bbd47fc00a2c39e90264f33305004495a9","hash":"1aa6032db578bb2c597e4d37fe539110d87e3538"}
,"/home/grimroot/Desktop/8voSemestre/RayoGoPFM/backend/src/middlewares/auth.middleware.js": {"path":"/home/grimroot/Desktop/8voSemestre/RayoGoPFM/backend/src/middlewares/auth.middleware.js","statementMap":{"0":{"start":{"line":1,"column":12},"end":{"line":1,"column":35}},"1":{"start":{"line":4,"column":17},"end":{"line":4,"column":48}},"2":{"start":{"line":5,"column":16},"end":{"line":5,"column":69}},"3":{"start":{"line":7,"column":2},"end":{"line":9,"column":3}},"4":{"start":{"line":8,"column":4},"end":{"line":8,"column":65}},"5":{"start":{"line":11,"column":2},"end":{"line":19,"column":3}},"6":{"start":{"line":12,"column":4},"end":{"line":12,"column":73}},"7":{"start":{"line":13,"column":4},"end":{"line":13,"column":18}},"8":{"start":{"line":15,"column":4},"end":{"line":17,"column":5}},"9":{"start":{"line":16,"column":6},"end":{"line":16,"column":108}},"10":{"start":{"line":18,"column":4},"end":{"line":18,"column":99}},"11":{"start":{"line":22,"column":0},"end":{"line":22,"column":33}}},"fnMap":{"0":{"name":"requireAuth","decl":{"start":{"line":3,"column":9},"end":{"line":3,"column":20}},"loc":{"start":{"line":3,"column":37},"end":{"line":20,"column":1}},"line":3}},"branchMap":{"0":{"loc":{"start":{"line":4,"column":17},"end":{"line":4,"column":48}},"type":"binary-expr","locations":[{"start":{"line":4,"column":17},"end":{"line":4,"column":42}},{"start":{"line":4,"column":46},"end":{"line":4,"column":48}}],"line":4},"1":{"loc":{"start":{"line":5,"column":16},"end":{"line":5,"column":69}},"type":"cond-expr","locations":[{"start":{"line":5,"column":47},"end":{"line":5,"column":62}},{"start":{"line":5,"column":65},"end":{"line":5,"column":69}}],"line":5},"2":{"loc":{"start":{"line":7,"column":2},"end":{"line":9,"column":3}},"type":"if","locations":[{"start":{"line":7,"column":2},"end":{"line":9,"column":3}},{"start":{},"end":{}}],"line":7},"3":{"loc":{"start":{"line":12,"column":33},"end":{"line":12,"column":71}},"type":"binary-expr","locations":[{"start":{"line":12,"column":33},"end":{"line":12,"column":55}},{"start":{"line":12,"column":59},"end":{"line":12,"column":71}}],"line":12},"4":{"loc":{"start":{"line":15,"column":4},"end":{"line":17,"column":5}},"type":"if","locations":[{"start":{"line":15,"column":4},"end":{"line":17,"column":5}},{"start":{},"end":{}}],"line":15}},"s":{"0":5,"1":45,"2":45,"3":45,"4":1,"5":44,"6":44,"7":42,"8":2,"9":1,"10":1,"11":5},"f":{"0":45},"b":{"0":[45,1],"1":[44,1],"2":[1,44],"3":[44,0],"4":[1,1]},"_coverageSchema":"1a1c01bbd47fc00a2c39e90264f33305004495a9","hash":"d41736d2bcad28a8e96e7c74557d556afa40f00b"}
,"/home/grimroot/Desktop/8voSemestre/RayoGoPFM/backend/src/middlewares/error.middleware.js": {"path":"/home/grimroot/Desktop/8voSemestre/RayoGoPFM/backend/src/middlewares/error.middleware.js","statementMap":{"0":{"start":{"line":2,"column":2},"end":{"line":2,"column":23}},"1":{"start":{"line":3,"column":17},"end":{"line":3,"column":36}},"2":{"start":{"line":5,"column":16},"end":{"line":5,"column":29}},"3":{"start":{"line":6,"column":2},"end":{"line":8,"column":3}},"4":{"start":{"line":7,"column":4},"end":{"line":7,"column":94}},"5":{"start":{"line":10,"column":2},"end":{"line":12,"column":5}},"6":{"start":{"line":15,"column":0},"end":{"line":15,"column":34}}},"fnMap":{"0":{"name":"errorHandler","decl":{"start":{"line":1,"column":9},"end":{"line":1,"column":21}},"loc":{"start":{"line":1,"column":45},"end":{"line":13,"column":1}},"line":1}},"branchMap":{"0":{"loc":{"start":{"line":3,"column":17},"end":{"line":3,"column":36}},"type":"binary-expr","locations":[{"start":{"line":3,"column":17},"end":{"line":3,"column":29}},{"start":{"line":3,"column":33},"end":{"line":3,"column":36}}],"line":3},"1":{"loc":{"start":{"line":6,"column":2},"end":{"line":8,"column":3}},"type":"if","locations":[{"start":{"line":6,"column":2},"end":{"line":8,"column":3}},{"start":{},"end":{}}],"line":6},"2":{"loc":{"start":{"line":6,"column":6},"end":{"line":6,"column":69}},"type":"binary-expr","locations":[{"start":{"line":6,"column":6},"end":{"line":6,"column":20}},{"start":{"line":6,"column":24},"end":{"line":6,"column":34}},{"start":{"line":6,"column":38},"end":{"line":6,"column":52}},{"start":{"line":6,"column":56},"end":{"line":6,"column":69}}],"line":6},"3":{"loc":{"start":{"line":11,"column":13},"end":{"line":11,"column":53}},"type":"binary-expr","locations":[{"start":{"line":11,"column":13},"end":{"line":11,"column":20}},{"start":{"line":11,"column":24},"end":{"line":11,"column":53}}],"line":11}},"s":{"0":19,"1":19,"2":19,"3":19,"4":19,"5":19,"6":5},"f":{"0":19},"b":{"0":[19,19],"1":[19,0],"2":[19,0,0,0],"3":[19,0]},"_coverageSchema":"1a1c01bbd47fc00a2c39e90264f33305004495a9","hash":"bad14f7f2fbd74b7ff1802029902acc7557d1b22"}
,"/home/grimroot/Desktop/8voSemestre/RayoGoPFM/backend/src/middlewares/role.middleware.js": {"path":"/home/grimroot/Desktop/8voSemestre/RayoGoPFM/backend/src/middlewares/role.middleware.js","statementMap":{"0":{"start":{"line":2,"column":2},"end":{"line":7,"column":4}},"1":{"start":{"line":3,"column":4},"end":{"line":5,"column":5}},"2":{"start":{"line":4,"column":6},"end":{"line":4,"column":96}},"3":{"start":{"line":6,"column":4},"end":{"line":6,"column":18}},"4":{"start":{"line":10,"column":0},"end":{"line":10,"column":32}}},"fnMap":{"0":{"name":"allowRoles","decl":{"start":{"line":1,"column":9},"end":{"line":1,"column":19}},"loc":{"start":{"line":1,"column":30},"end":{"line":8,"column":1}},"line":1},"1":{"name":"(anonymous_1)","decl":{"start":{"line":2,"column":9},"end":{"line":2,"column":10}},"loc":{"start":{"line":2,"column":29},"end":{"line":7,"column":3}},"line":2}},"branchMap":{"0":{"loc":{"start":{"line":3,"column":4},"end":{"line":5,"column":5}},"type":"if","locations":[{"start":{"line":3,"column":4},"end":{"line":5,"column":5}},{"start":{},"end":{}}],"line":3},"1":{"loc":{"start":{"line":3,"column":8},"end":{"line":3,"column":51}},"type":"binary-expr","locations":[{"start":{"line":3,"column":8},"end":{"line":3,"column":17}},{"start":{"line":3,"column":21},"end":{"line":3,"column":51}}],"line":3}},"s":{"0":62,"1":15,"2":3,"3":12,"4":5},"f":{"0":62,"1":15},"b":{"0":[3,12],"1":[15,15]},"_coverageSchema":"1a1c01bbd47fc00a2c39e90264f33305004495a9","hash":"5945b51cd76c47806b91d1856ef7e8b3d5f814e1"}
,"/home/grimroot/Desktop/8voSemestre/RayoGoPFM/backend/src/middlewares/validate.middleware.js": {"path":"/home/grimroot/Desktop/8voSemestre/RayoGoPFM/backend/src/middlewares/validate.middleware.js","statementMap":{"0":{"start":{"line":2,"column":2},"end":{"line":20,"column":4}},"1":{"start":{"line":3,"column":19},"end":{"line":3,"column":45}},"2":{"start":{"line":4,"column":4},"end":{"line":17,"column":5}},"3":{"start":{"line":5,"column":21},"end":{"line":8,"column":9}},"4":{"start":{"line":5,"column":57},"end":{"line":8,"column":7}},"5":{"start":{"line":11,"column":26},"end":{"line":11,"column":84}},"6":{"start":{"line":13,"column":6},"end":{"line":16,"column":9}},"7":{"start":{"line":18,"column":4},"end":{"line":18,"column":27}},"8":{"start":{"line":19,"column":4},"end":{"line":19,"column":18}},"9":{"start":{"line":23,"column":0},"end":{"line":23,"column":30}}},"fnMap":{"0":{"name":"validate","decl":{"start":{"line":1,"column":9},"end":{"line":1,"column":17}},"loc":{"start":{"line":1,"column":26},"end":{"line":21,"column":1}},"line":1},"1":{"name":"(anonymous_1)","decl":{"start":{"line":2,"column":9},"end":{"line":2,"column":10}},"loc":{"start":{"line":2,"column":29},"end":{"line":20,"column":3}},"line":2},"2":{"name":"(anonymous_2)","decl":{"start":{"line":5,"column":45},"end":{"line":5,"column":46}},"loc":{"start":{"line":5,"column":57},"end":{"line":8,"column":7}},"line":5}},"branchMap":{"0":{"loc":{"start":{"line":4,"column":4},"end":{"line":17,"column":5}},"type":"if","locations":[{"start":{"line":4,"column":4},"end":{"line":17,"column":5}},{"start":{},"end":{}}],"line":4},"1":{"loc":{"start":{"line":11,"column":26},"end":{"line":11,"column":84}},"type":"cond-expr","locations":[{"start":{"line":11,"column":46},"end":{"line":11,"column":63}},{"start":{"line":11,"column":66},"end":{"line":11,"column":84}}],"line":11}},"s":{"0":62,"1":37,"2":37,"3":1,"4":1,"5":1,"6":1,"7":36,"8":36,"9":5},"f":{"0":62,"1":37,"2":1},"b":{"0":[1,36],"1":[1,0]},"_coverageSchema":"1a1c01bbd47fc00a2c39e90264f33305004495a9","hash":"1a035280572ce7bc6a0f1614d556a81e85ceccd0"}
,"/home/grimroot/Desktop/8voSemestre/RayoGoPFM/backend/src/modules/addresses/addresses.routes.js": {"path":"/home/grimroot/Desktop/8voSemestre/RayoGoPFM/backend/src/modules/addresses/addresses.routes.js","statementMap":{"0":{"start":{"line":1,"column":19},"end":{"line":1,"column":37}},"1":{"start":{"line":2,"column":14},"end":{"line":2,"column":28}},"2":{"start":{"line":3,"column":11},"end":{"line":3,"column":37}},"3":{"start":{"line":4,"column":24},"end":{"line":4,"column":68}},"4":{"start":{"line":5,"column":21},"end":{"line":5,"column":69}},"5":{"start":{"line":7,"column":15},"end":{"line":7,"column":23}},"6":{"start":{"line":9,"column":22},"end":{"line":15,"column":2}},"7":{"start":{"line":18,"column":2},"end":{"line":26,"column":4}},"8":{"start":{"line":29,"column":0},"end":{"line":39,"column":3}},"9":{"start":{"line":30,"column":2},"end":{"line":38,"column":3}},"10":{"start":{"line":31,"column":19},"end":{"line":34,"column":5}},"11":{"start":{"line":35,"column":4},"end":{"line":35,"column":64}},"12":{"start":{"line":37,"column":4},"end":{"line":37,"column":23}},"13":{"start":{"line":41,"column":0},"end":{"line":63,"column":3}},"14":{"start":{"line":42,"column":17},"end":{"line":42,"column":40}},"15":{"start":{"line":43,"column":2},"end":{"line":62,"column":3}},"16":{"start":{"line":44,"column":67},"end":{"line":44,"column":75}},"17":{"start":{"line":45,"column":4},"end":{"line":45,"column":32}},"18":{"start":{"line":46,"column":4},"end":{"line":48,"column":5}},"19":{"start":{"line":47,"column":6},"end":{"line":47,"column":120}},"20":{"start":{"line":49,"column":19},"end":{"line":54,"column":5}},"21":{"start":{"line":55,"column":4},"end":{"line":55,"column":33}},"22":{"start":{"line":56,"column":4},"end":{"line":56,"column":73}},"23":{"start":{"line":58,"column":4},"end":{"line":58,"column":35}},"24":{"start":{"line":59,"column":4},"end":{"line":59,"column":23}},"25":{"start":{"line":61,"column":4},"end":{"line":61,"column":21}},"26":{"start":{"line":65,"column":0},"end":{"line":76,"column":3}},"27":{"start":{"line":66,"column":2},"end":{"line":75,"column":3}},"28":{"start":{"line":67,"column":19},"end":{"line":70,"column":5}},"29":{"start":{"line":71,"column":4},"end":{"line":71,"column":100}},"30":{"start":{"line":71,"column":31},"end":{"line":71,"column":100}},"31":{"start":{"line":72,"column":4},"end":{"line":72,"column":57}},"32":{"start":{"line":74,"column":4},"end":{"line":74,"column":23}},"33":{"start":{"line":78,"column":0},"end":{"line":78,"column":24}}},"fnMap":{"0":{"name":"mapAddress","decl":{"start":{"line":17,"column":9},"end":{"line":17,"column":19}},"loc":{"start":{"line":17,"column":25},"end":{"line":27,"column":1}},"line":17},"1":{"name":"(anonymous_1)","decl":{"start":{"line":29,"column":29},"end":{"line":29,"column":30}},"loc":{"start":{"line":29,"column":55},"end":{"line":39,"column":1}},"line":29},"2":{"name":"(anonymous_2)","decl":{"start":{"line":41,"column":55},"end":{"line":41,"column":56}},"loc":{"start":{"line":41,"column":81},"end":{"line":63,"column":1}},"line":41},"3":{"name":"(anonymous_3)","decl":{"start":{"line":65,"column":35},"end":{"line":65,"column":36}},"loc":{"start":{"line":65,"column":61},"end":{"line":76,"column":1}},"line":65}},"branchMap":{"0":{"loc":{"start":{"line":46,"column":4},"end":{"line":48,"column":5}},"type":"if","locations":[{"start":{"line":46,"column":4},"end":{"line":48,"column":5}},{"start":{},"end":{}}],"line":46},"1":{"loc":{"start":{"line":71,"column":4},"end":{"line":71,"column":100}},"type":"if","locations":[{"start":{"line":71,"column":4},"end":{"line":71,"column":100}},{"start":{},"end":{}}],"line":71}},"s":{"0":4,"1":4,"2":4,"3":4,"4":4,"5":4,"6":4,"7":5,"8":4,"9":4,"10":4,"11":3,"12":1,"13":4,"14":3,"15":3,"16":3,"17":3,"18":3,"19":2,"20":3,"21":2,"22":2,"23":1,"24":1,"25":3,"26":4,"27":3,"28":3,"29":2,"30":1,"31":1,"32":1,"33":4},"f":{"0":5,"1":4,"2":3,"3":3},"b":{"0":[2,1],"1":[1,1]},"_coverageSchema":"1a1c01bbd47fc00a2c39e90264f33305004495a9","hash":"84a10ff136129531edb5a7c0830e521e50e0546b"}
,"/home/grimroot/Desktop/8voSemestre/RayoGoPFM/backend/src/modules/auth/auth.routes.js": {"path":"/home/grimroot/Desktop/8voSemestre/RayoGoPFM/backend/src/modules/auth/auth.routes.js","statementMap":{"0":{"start":{"line":1,"column":19},"end":{"line":1,"column":37}},"1":{"start":{"line":2,"column":15},"end":{"line":2,"column":34}},"2":{"start":{"line":3,"column":14},"end":{"line":3,"column":28}},"3":{"start":{"line":4,"column":11},"end":{"line":4,"column":37}},"4":{"start":{"line":5,"column":21},"end":{"line":5,"column":69}},"5":{"start":{"line":6,"column":24},"end":{"line":6,"column":68}},"6":{"start":{"line":7,"column":26},"end":{"line":7,"column":54}},"7":{"start":{"line":9,"column":15},"end":{"line":9,"column":23}},"8":{"start":{"line":12,"column":23},"end":{"line":17,"column":2}},"9":{"start":{"line":14,"column":67},"end":{"line":14,"column":86}},"10":{"start":{"line":19,"column":26},"end":{"line":24,"column":2}},"11":{"start":{"line":26,"column":25},"end":{"line":30,"column":2}},"12":{"start":{"line":28,"column":35},"end":{"line":28,"column":44}},"13":{"start":{"line":32,"column":20},"end":{"line":35,"column":2}},"14":{"start":{"line":33,"column":67},"end":{"line":33,"column":86}},"15":{"start":{"line":37,"column":29},"end":{"line":40,"column":2}},"16":{"start":{"line":43,"column":2},"end":{"line":51,"column":4}},"17":{"start":{"line":56,"column":0},"end":{"line":73,"column":3}},"18":{"start":{"line":57,"column":2},"end":{"line":72,"column":26}},"19":{"start":{"line":58,"column":45},"end":{"line":58,"column":53}},"20":{"start":{"line":59,"column":19},"end":{"line":59,"column":83}},"21":{"start":{"line":60,"column":4},"end":{"line":60,"column":96}},"22":{"start":{"line":60,"column":29},"end":{"line":60,"column":96}},"23":{"start":{"line":62,"column":25},"end":{"line":62,"column":56}},"24":{"start":{"line":63,"column":19},"end":{"line":68,"column":5}},"25":{"start":{"line":70,"column":17},"end":{"line":70,"column":43}},"26":{"start":{"line":71,"column":4},"end":{"line":71,"column":70}},"27":{"start":{"line":72,"column":16},"end":{"line":72,"column":24}},"28":{"start":{"line":75,"column":0},"end":{"line":96,"column":3}},"29":{"start":{"line":76,"column":2},"end":{"line":95,"column":26}},"30":{"start":{"line":77,"column":39},"end":{"line":77,"column":47}},"31":{"start":{"line":78,"column":17},"end":{"line":78,"column":80}},"32":{"start":{"line":81,"column":4},"end":{"line":91,"column":5}},"33":{"start":{"line":82,"column":18},"end":{"line":86,"column":7}},"34":{"start":{"line":87,"column":6},"end":{"line":87,"column":28}},"35":{"start":{"line":89,"column":6},"end":{"line":89,"column":31}},"36":{"start":{"line":90,"column":6},"end":{"line":90,"column":89}},"37":{"start":{"line":90,"column":27},"end":{"line":90,"column":89}},"38":{"start":{"line":93,"column":17},"end":{"line":93,"column":36}},"39":{"start":{"line":94,"column":4},"end":{"line":94,"column":58}},"40":{"start":{"line":95,"column":16},"end":{"line":95,"column":24}},"41":{"start":{"line":98,"column":0},"end":{"line":121,"column":3}},"42":{"start":{"line":99,"column":2},"end":{"line":120,"column":3}},"43":{"start":{"line":100,"column":4},"end":{"line":100,"column":94}},"44":{"start":{"line":100,"column":35},"end":{"line":100,"column":94}},"45":{"start":{"line":102,"column":32},"end":{"line":102,"column":40}},"46":{"start":{"line":105,"column":4},"end":{"line":107,"column":5}},"47":{"start":{"line":106,"column":6},"end":{"line":106,"column":90}},"48":{"start":{"line":109,"column":19},"end":{"line":112,"column":5}},"49":{"start":{"line":114,"column":4},"end":{"line":114,"column":98}},"50":{"start":{"line":114,"column":31},"end":{"line":114,"column":98}},"51":{"start":{"line":116,"column":4},"end":{"line":116,"column":87}},"52":{"start":{"line":118,"column":4},"end":{"line":118,"column":45}},"53":{"start":{"line":119,"column":4},"end":{"line":119,"column":12}},"54":{"start":{"line":123,"column":0},"end":{"line":136,"column":3}},"55":{"start":{"line":124,"column":2},"end":{"line":135,"column":26}},"56":{"start":{"line":125,"column":22},"end":{"line":125,"column":30}},"57":{"start":{"line":126,"column":4},"end":{"line":128,"column":5}},"58":{"start":{"line":127,"column":6},"end":{"line":127,"column":100}},"59":{"start":{"line":129,"column":19},"end":{"line":132,"column":5}},"60":{"start":{"line":133,"column":4},"end":{"line":133,"column":98}},"61":{"start":{"line":133,"column":31},"end":{"line":133,"column":98}},"62":{"start":{"line":134,"column":4},"end":{"line":134,"column":92}},"63":{"start":{"line":135,"column":16},"end":{"line":135,"column":24}},"64":{"start":{"line":138,"column":0},"end":{"line":162,"column":3}},"65":{"start":{"line":139,"column":2},"end":{"line":161,"column":26}},"66":{"start":{"line":140,"column":45},"end":{"line":140,"column":53}},"67":{"start":{"line":141,"column":19},"end":{"line":141,"column":85}},"68":{"start":{"line":142,"column":4},"end":{"line":142,"column":98}},"69":{"start":{"line":142,"column":31},"end":{"line":142,"column":98}},"70":{"start":{"line":143,"column":16},"end":{"line":143,"column":30}},"71":{"start":{"line":145,"column":4},"end":{"line":151,"column":5}},"72":{"start":{"line":146,"column":6},"end":{"line":148,"column":7}},"73":{"start":{"line":147,"column":8},"end":{"line":147,"column":89}},"74":{"start":{"line":149,"column":17},"end":{"line":149,"column":73}},"75":{"start":{"line":150,"column":6},"end":{"line":150,"column":95}},"76":{"start":{"line":150,"column":15},"end":{"line":150,"column":95}},"77":{"start":{"line":153,"column":28},"end":{"line":153,"column":62}},"78":{"start":{"line":154,"column":4},"end":{"line":157,"column":6}},"79":{"start":{"line":159,"column":23},"end":{"line":159,"column":89}},"80":{"start":{"line":160,"column":4},"end":{"line":160,"column":112}},"81":{"start":{"line":161,"column":16},"end":{"line":161,"column":24}},"82":{"start":{"line":164,"column":0},"end":{"line":194,"column":3}},"83":{"start":{"line":165,"column":17},"end":{"line":165,"column":28}},"84":{"start":{"line":166,"column":2},"end":{"line":193,"column":3}},"85":{"start":{"line":167,"column":4},"end":{"line":167,"column":28}},"86":{"start":{"line":170,"column":4},"end":{"line":170,"column":83}},"87":{"start":{"line":171,"column":4},"end":{"line":171,"column":80}},"88":{"start":{"line":174,"column":4},"end":{"line":174,"column":91}},"89":{"start":{"line":177,"column":4},"end":{"line":177,"column":73}},"90":{"start":{"line":180,"column":19},"end":{"line":180,"column":91}},"91":{"start":{"line":182,"column":4},"end":{"line":182,"column":29}},"92":{"start":{"line":184,"column":4},"end":{"line":186,"column":5}},"93":{"start":{"line":185,"column":6},"end":{"line":185,"column":73}},"94":{"start":{"line":188,"column":4},"end":{"line":188,"column":100}},"95":{"start":{"line":190,"column":4},"end":{"line":190,"column":31}},"96":{"start":{"line":191,"column":4},"end":{"line":191,"column":58}},"97":{"start":{"line":192,"column":4},"end":{"line":192,"column":12}},"98":{"start":{"line":196,"column":0},"end":{"line":211,"column":3}},"99":{"start":{"line":197,"column":2},"end":{"line":210,"column":26}},"100":{"start":{"line":198,"column":32},"end":{"line":198,"column":40}},"101":{"start":{"line":199,"column":19},"end":{"line":199,"column":82}},"102":{"start":{"line":201,"column":4},"end":{"line":201,"column":101}},"103":{"start":{"line":201,"column":31},"end":{"line":201,"column":101}},"104":{"start":{"line":202,"column":16},"end":{"line":202,"column":30}},"105":{"start":{"line":203,"column":4},"end":{"line":203,"column":83}},"106":{"start":{"line":203,"column":21},"end":{"line":203,"column":83}},"107":{"start":{"line":205,"column":15},"end":{"line":205,"column":70}},"108":{"start":{"line":206,"column":4},"end":{"line":206,"column":83}},"109":{"start":{"line":206,"column":13},"end":{"line":206,"column":83}},"110":{"start":{"line":208,"column":17},"end":{"line":208,"column":32}},"111":{"start":{"line":209,"column":4},"end":{"line":209,"column":58}},"112":{"start":{"line":210,"column":16},"end":{"line":210,"column":24}},"113":{"start":{"line":213,"column":0},"end":{"line":219,"column":3}},"114":{"start":{"line":214,"column":2},"end":{"line":218,"column":26}},"115":{"start":{"line":215,"column":19},"end":{"line":215,"column":85}},"116":{"start":{"line":216,"column":4},"end":{"line":216,"column":90}},"117":{"start":{"line":216,"column":31},"end":{"line":216,"column":90}},"118":{"start":{"line":217,"column":4},"end":{"line":217,"column":58}},"119":{"start":{"line":218,"column":16},"end":{"line":218,"column":24}},"120":{"start":{"line":221,"column":0},"end":{"line":227,"column":3}},"121":{"start":{"line":222,"column":2},"end":{"line":226,"column":26}},"122":{"start":{"line":223,"column":4},"end":{"line":223,"column":94}},"123":{"start":{"line":223,"column":35},"end":{"line":223,"column":94}},"124":{"start":{"line":224,"column":19},"end":{"line":224,"column":74}},"125":{"start":{"line":225,"column":4},"end":{"line":225,"column":49}},"126":{"start":{"line":226,"column":16},"end":{"line":226,"column":24}},"127":{"start":{"line":229,"column":0},"end":{"line":229,"column":24}}},"fnMap":{"0":{"name":"(anonymous_0)","decl":{"start":{"line":14,"column":56},"end":{"line":14,"column":57}},"loc":{"start":{"line":14,"column":67},"end":{"line":14,"column":86}},"line":14},"1":{"name":"(anonymous_1)","decl":{"start":{"line":28,"column":28},"end":{"line":28,"column":29}},"loc":{"start":{"line":28,"column":35},"end":{"line":28,"column":44}},"line":28},"2":{"name":"(anonymous_2)","decl":{"start":{"line":33,"column":56},"end":{"line":33,"column":57}},"loc":{"start":{"line":33,"column":67},"end":{"line":33,"column":86}},"line":33},"3":{"name":"publicUser","decl":{"start":{"line":42,"column":9},"end":{"line":42,"column":19}},"loc":{"start":{"line":42,"column":25},"end":{"line":52,"column":1}},"line":42},"4":{"name":"(anonymous_4)","decl":{"start":{"line":56,"column":51},"end":{"line":56,"column":52}},"loc":{"start":{"line":56,"column":77},"end":{"line":73,"column":1}},"line":56},"5":{"name":"(anonymous_5)","decl":{"start":{"line":75,"column":58},"end":{"line":75,"column":59}},"loc":{"start":{"line":75,"column":84},"end":{"line":96,"column":1}},"line":75},"6":{"name":"(anonymous_6)","decl":{"start":{"line":98,"column":69},"end":{"line":98,"column":70}},"loc":{"start":{"line":98,"column":95},"end":{"line":121,"column":1}},"line":98},"7":{"name":"(anonymous_7)","decl":{"start":{"line":123,"column":41},"end":{"line":123,"column":42}},"loc":{"start":{"line":123,"column":67},"end":{"line":136,"column":1}},"line":123},"8":{"name":"(anonymous_8)","decl":{"start":{"line":138,"column":76},"end":{"line":138,"column":77}},"loc":{"start":{"line":138,"column":102},"end":{"line":162,"column":1}},"line":138},"9":{"name":"(anonymous_9)","decl":{"start":{"line":164,"column":46},"end":{"line":164,"column":47}},"loc":{"start":{"line":164,"column":72},"end":{"line":194,"column":1}},"line":164},"10":{"name":"(anonymous_10)","decl":{"start":{"line":196,"column":45},"end":{"line":196,"column":46}},"loc":{"start":{"line":196,"column":71},"end":{"line":211,"column":1}},"line":196},"11":{"name":"(anonymous_11)","decl":{"start":{"line":213,"column":31},"end":{"line":213,"column":32}},"loc":{"start":{"line":213,"column":57},"end":{"line":219,"column":1}},"line":213},"12":{"name":"(anonymous_12)","decl":{"start":{"line":221,"column":34},"end":{"line":221,"column":35}},"loc":{"start":{"line":221,"column":60},"end":{"line":227,"column":1}},"line":221}},"branchMap":{"0":{"loc":{"start":{"line":60,"column":4},"end":{"line":60,"column":96}},"type":"if","locations":[{"start":{"line":60,"column":4},"end":{"line":60,"column":96}},{"start":{},"end":{}}],"line":60},"1":{"loc":{"start":{"line":81,"column":4},"end":{"line":91,"column":5}},"type":"if","locations":[{"start":{"line":81,"column":4},"end":{"line":91,"column":5}},{"start":{"line":88,"column":11},"end":{"line":91,"column":5}}],"line":81},"2":{"loc":{"start":{"line":90,"column":6},"end":{"line":90,"column":89}},"type":"if","locations":[{"start":{"line":90,"column":6},"end":{"line":90,"column":89}},{"start":{},"end":{}}],"line":90},"3":{"loc":{"start":{"line":100,"column":4},"end":{"line":100,"column":94}},"type":"if","locations":[{"start":{"line":100,"column":4},"end":{"line":100,"column":94}},{"start":{},"end":{}}],"line":100},"4":{"loc":{"start":{"line":105,"column":4},"end":{"line":107,"column":5}},"type":"if","locations":[{"start":{"line":105,"column":4},"end":{"line":107,"column":5}},{"start":{},"end":{}}],"line":105},"5":{"loc":{"start":{"line":105,"column":8},"end":{"line":105,"column":61}},"type":"binary-expr","locations":[{"start":{"line":105,"column":8},"end":{"line":105,"column":15}},{"start":{"line":105,"column":19},"end":{"line":105,"column":35}},{"start":{"line":105,"column":39},"end":{"line":105,"column":61}}],"line":105},"6":{"loc":{"start":{"line":114,"column":4},"end":{"line":114,"column":98}},"type":"if","locations":[{"start":{"line":114,"column":4},"end":{"line":114,"column":98}},{"start":{},"end":{}}],"line":114},"7":{"loc":{"start":{"line":126,"column":4},"end":{"line":128,"column":5}},"type":"if","locations":[{"start":{"line":126,"column":4},"end":{"line":128,"column":5}},{"start":{},"end":{}}],"line":126},"8":{"loc":{"start":{"line":126,"column":8},"end":{"line":126,"column":41}},"type":"binary-expr","locations":[{"start":{"line":126,"column":8},"end":{"line":126,"column":14}},{"start":{"line":126,"column":18},"end":{"line":126,"column":41}}],"line":126},"9":{"loc":{"start":{"line":133,"column":4},"end":{"line":133,"column":98}},"type":"if","locations":[{"start":{"line":133,"column":4},"end":{"line":133,"column":98}},{"start":{},"end":{}}],"line":133},"10":{"loc":{"start":{"line":142,"column":4},"end":{"line":142,"column":98}},"type":"if","locations":[{"start":{"line":142,"column":4},"end":{"line":142,"column":98}},{"start":{},"end":{}}],"line":142},"11":{"loc":{"start":{"line":145,"column":4},"end":{"line":151,"column":5}},"type":"if","locations":[{"start":{"line":145,"column":4},"end":{"line":151,"column":5}},{"start":{},"end":{}}],"line":145},"12":{"loc":{"start":{"line":146,"column":6},"end":{"line":148,"column":7}},"type":"if","locations":[{"start":{"line":146,"column":6},"end":{"line":148,"column":7}},{"start":{},"end":{}}],"line":146},"13":{"loc":{"start":{"line":150,"column":6},"end":{"line":150,"column":95}},"type":"if","locations":[{"start":{"line":150,"column":6},"end":{"line":150,"column":95}},{"start":{},"end":{}}],"line":150},"14":{"loc":{"start":{"line":184,"column":4},"end":{"line":186,"column":5}},"type":"if","locations":[{"start":{"line":184,"column":4},"end":{"line":186,"column":5}},{"start":{},"end":{}}],"line":184},"15":{"loc":{"start":{"line":201,"column":4},"end":{"line":201,"column":101}},"type":"if","locations":[{"start":{"line":201,"column":4},"end":{"line":201,"column":101}},{"start":{},"end":{}}],"line":201},"16":{"loc":{"start":{"line":203,"column":4},"end":{"line":203,"column":83}},"type":"if","locations":[{"start":{"line":203,"column":4},"end":{"line":203,"column":83}},{"start":{},"end":{}}],"line":203},"17":{"loc":{"start":{"line":205,"column":46},"end":{"line":205,"column":69}},"type":"binary-expr","locations":[{"start":{"line":205,"column":46},"end":{"line":205,"column":63}},{"start":{"line":205,"column":67},"end":{"line":205,"column":69}}],"line":205},"18":{"loc":{"start":{"line":206,"column":4},"end":{"line":206,"column":83}},"type":"if","locations":[{"start":{"line":206,"column":4},"end":{"line":206,"column":83}},{"start":{},"end":{}}],"line":206},"19":{"loc":{"start":{"line":216,"column":4},"end":{"line":216,"column":90}},"type":"if","locations":[{"start":{"line":216,"column":4},"end":{"line":216,"column":90}},{"start":{},"end":{}}],"line":216},"20":{"loc":{"start":{"line":223,"column":4},"end":{"line":223,"column":94}},"type":"if","locations":[{"start":{"line":223,"column":4},"end":{"line":223,"column":94}},{"start":{},"end":{}}],"line":223}},"s":{"0":4,"1":4,"2":4,"3":4,"4":4,"5":4,"6":4,"7":4,"8":4,"9":5,"10":4,"11":4,"12":4,"13":4,"14":6,"15":4,"16":15,"17":4,"18":5,"19":5,"20":5,"21":4,"22":1,"23":3,"24":3,"25":3,"26":3,"27":1,"28":4,"29":4,"30":4,"31":4,"32":3,"33":1,"34":1,"35":2,"36":2,"37":1,"38":2,"39":2,"40":1,"41":4,"42":4,"43":4,"44":1,"45":3,"46":3,"47":1,"48":2,"49":1,"50":0,"51":1,"52":1,"53":1,"54":4,"55":3,"56":3,"57":3,"58":1,"59":2,"60":1,"61":0,"62":1,"63":1,"64":4,"65":5,"66":5,"67":5,"68":4,"69":0,"70":4,"71":4,"72":3,"73":1,"74":2,"75":2,"76":1,"77":2,"78":2,"79":2,"80":2,"81":1,"82":4,"83":2,"84":2,"85":2,"86":2,"87":1,"88":1,"89":1,"90":1,"91":1,"92":1,"93":0,"94":1,"95":1,"96":1,"97":1,"98":4,"99":6,"100":6,"101":6,"102":5,"103":1,"104":4,"105":4,"106":1,"107":3,"108":3,"109":1,"110":2,"111":2,"112":1,"113":4,"114":2,"115":2,"116":2,"117":1,"118":1,"119":0,"120":4,"121":2,"122":2,"123":0,"124":2,"125":1,"126":1,"127":4},"f":{"0":5,"1":4,"2":6,"3":15,"4":5,"5":4,"6":4,"7":3,"8":5,"9":2,"10":6,"11":2,"12":2},"b":{"0":[1,3],"1":[1,2],"2":[1,1],"3":[1,3],"4":[1,2],"5":[3,3,2],"6":[0,1],"7":[1,2],"8":[3,3],"9":[0,1],"10":[0,4],"11":[3,1],"12":[1,2],"13":[1,1],"14":[0,1],"15":[1,4],"16":[1,3],"17":[3,0],"18":[1,2],"19":[1,1],"20":[0,2]},"_coverageSchema":"1a1c01bbd47fc00a2c39e90264f33305004495a9","hash":"b7a2e75568f6814520a68ffd24f5542b36494bf5"}
,"/home/grimroot/Desktop/8voSemestre/RayoGoPFM/backend/src/modules/categories/categories.routes.js": {"path":"/home/grimroot/Desktop/8voSemestre/RayoGoPFM/backend/src/modules/categories/categories.routes.js","statementMap":{"0":{"start":{"line":1,"column":19},"end":{"line":1,"column":37}},"1":{"start":{"line":2,"column":14},"end":{"line":2,"column":28}},"2":{"start":{"line":3,"column":11},"end":{"line":3,"column":37}},"3":{"start":{"line":4,"column":24},"end":{"line":4,"column":68}},"4":{"start":{"line":5,"column":23},"end":{"line":5,"column":67}},"5":{"start":{"line":6,"column":21},"end":{"line":6,"column":69}},"6":{"start":{"line":8,"column":15},"end":{"line":8,"column":23}},"7":{"start":{"line":9,"column":23},"end":{"line":9,"column":81}},"8":{"start":{"line":11,"column":0},"end":{"line":20,"column":3}},"9":{"start":{"line":12,"column":2},"end":{"line":19,"column":3}},"10":{"start":{"line":13,"column":19},"end":{"line":15,"column":5}},"11":{"start":{"line":16,"column":4},"end":{"line":16,"column":49}},"12":{"start":{"line":18,"column":4},"end":{"line":18,"column":23}},"13":{"start":{"line":22,"column":0},"end":{"line":34,"column":3}},"14":{"start":{"line":23,"column":2},"end":{"line":33,"column":3}},"15":{"start":{"line":24,"column":19},"end":{"line":29,"column":5}},"16":{"start":{"line":30,"column":4},"end":{"line":30,"column":62}},"17":{"start":{"line":32,"column":4},"end":{"line":32,"column":23}},"18":{"start":{"line":36,"column":0},"end":{"line":36,"column":24}}},"fnMap":{"0":{"name":"(anonymous_0)","decl":{"start":{"line":11,"column":16},"end":{"line":11,"column":17}},"loc":{"start":{"line":11,"column":42},"end":{"line":20,"column":1}},"line":11},"1":{"name":"(anonymous_1)","decl":{"start":{"line":22,"column":77},"end":{"line":22,"column":78}},"loc":{"start":{"line":22,"column":103},"end":{"line":34,"column":1}},"line":22}},"branchMap":{},"s":{"0":4,"1":4,"2":4,"3":4,"4":4,"5":4,"6":4,"7":4,"8":4,"9":2,"10":2,"11":1,"12":1,"13":4,"14":3,"15":3,"16":2,"17":1,"18":4},"f":{"0":2,"1":3},"b":{},"_coverageSchema":"1a1c01bbd47fc00a2c39e90264f33305004495a9","hash":"e67595642dbd5bc004f2496cfc5203b12b513f71"}
,"/home/grimroot/Desktop/8voSemestre/RayoGoPFM/backend/src/modules/products/products.routes.js": {"path":"/home/grimroot/Desktop/8voSemestre/RayoGoPFM/backend/src/modules/products/products.routes.js","statementMap":{"0":{"start":{"line":1,"column":19},"end":{"line":1,"column":37}},"1":{"start":{"line":2,"column":14},"end":{"line":2,"column":28}},"2":{"start":{"line":3,"column":11},"end":{"line":3,"column":37}},"3":{"start":{"line":4,"column":24},"end":{"line":4,"column":68}},"4":{"start":{"line":5,"column":23},"end":{"line":5,"column":67}},"5":{"start":{"line":6,"column":21},"end":{"line":6,"column":69}},"6":{"start":{"line":8,"column":15},"end":{"line":8,"column":23}},"7":{"start":{"line":10,"column":22},"end":{"line":20,"column":2}},"8":{"start":{"line":23,"column":2},"end":{"line":48,"column":4}},"9":{"start":{"line":51,"column":22},"end":{"line":60,"column":1}},"10":{"start":{"line":62,"column":0},"end":{"line":76,"column":3}},"11":{"start":{"line":63,"column":2},"end":{"line":75,"column":3}},"12":{"start":{"line":64,"column":19},"end":{"line":64,"column":68}},"13":{"start":{"line":65,"column":19},"end":{"line":71,"column":5}},"14":{"start":{"line":72,"column":4},"end":{"line":72,"column":63}},"15":{"start":{"line":74,"column":4},"end":{"line":74,"column":23}},"16":{"start":{"line":78,"column":0},"end":{"line":90,"column":3}},"17":{"start":{"line":79,"column":2},"end":{"line":89,"column":3}},"18":{"start":{"line":80,"column":19},"end":{"line":84,"column":5}},"19":{"start":{"line":85,"column":4},"end":{"line":85,"column":99}},"20":{"start":{"line":85,"column":31},"end":{"line":85,"column":99}},"21":{"start":{"line":86,"column":4},"end":{"line":86,"column":61}},"22":{"start":{"line":88,"column":4},"end":{"line":88,"column":23}},"23":{"start":{"line":92,"column":0},"end":{"line":106,"column":3}},"24":{"start":{"line":93,"column":2},"end":{"line":105,"column":3}},"25":{"start":{"line":94,"column":116},"end":{"line":94,"column":124}},"26":{"start":{"line":95,"column":19},"end":{"line":100,"column":5}},"27":{"start":{"line":101,"column":20},"end":{"line":101,"column":91}},"28":{"start":{"line":102,"column":4},"end":{"line":102,"column":74}},"29":{"start":{"line":104,"column":4},"end":{"line":104,"column":23}},"30":{"start":{"line":108,"column":0},"end":{"line":145,"column":3}},"31":{"start":{"line":109,"column":2},"end":{"line":144,"column":3}},"32":{"start":{"line":110,"column":20},"end":{"line":110,"column":91}},"33":{"start":{"line":111,"column":4},"end":{"line":111,"column":100}},"34":{"start":{"line":111,"column":32},"end":{"line":111,"column":100}},"35":{"start":{"line":112,"column":16},"end":{"line":112,"column":31}},"36":{"start":{"line":113,"column":17},"end":{"line":113,"column":25}},"37":{"start":{"line":114,"column":19},"end":{"line":139,"column":5}},"38":{"start":{"line":140,"column":20},"end":{"line":140,"column":91}},"39":{"start":{"line":141,"column":4},"end":{"line":141,"column":62}},"40":{"start":{"line":143,"column":4},"end":{"line":143,"column":23}},"41":{"start":{"line":147,"column":0},"end":{"line":158,"column":3}},"42":{"start":{"line":148,"column":2},"end":{"line":157,"column":3}},"43":{"start":{"line":149,"column":19},"end":{"line":152,"column":5}},"44":{"start":{"line":153,"column":4},"end":{"line":153,"column":99}},"45":{"start":{"line":153,"column":31},"end":{"line":153,"column":99}},"46":{"start":{"line":154,"column":4},"end":{"line":154,"column":58}},"47":{"start":{"line":156,"column":4},"end":{"line":156,"column":23}},"48":{"start":{"line":160,"column":0},"end":{"line":160,"column":24}}},"fnMap":{"0":{"name":"mapProduct","decl":{"start":{"line":22,"column":9},"end":{"line":22,"column":19}},"loc":{"start":{"line":22,"column":25},"end":{"line":49,"column":1}},"line":22},"1":{"name":"(anonymous_1)","decl":{"start":{"line":62,"column":16},"end":{"line":62,"column":17}},"loc":{"start":{"line":62,"column":42},"end":{"line":76,"column":1}},"line":62},"2":{"name":"(anonymous_2)","decl":{"start":{"line":78,"column":19},"end":{"line":78,"column":20}},"loc":{"start":{"line":78,"column":45},"end":{"line":90,"column":1}},"line":78},"3":{"name":"(anonymous_3)","decl":{"start":{"line":92,"column":76},"end":{"line":92,"column":77}},"loc":{"start":{"line":92,"column":102},"end":{"line":106,"column":1}},"line":92},"4":{"name":"(anonymous_4)","decl":{"start":{"line":108,"column":88},"end":{"line":108,"column":89}},"loc":{"start":{"line":108,"column":114},"end":{"line":145,"column":1}},"line":108},"5":{"name":"(anonymous_5)","decl":{"start":{"line":147,"column":56},"end":{"line":147,"column":57}},"loc":{"start":{"line":147,"column":82},"end":{"line":158,"column":1}},"line":147}},"branchMap":{"0":{"loc":{"start":{"line":31,"column":29},"end":{"line":31,"column":57}},"type":"binary-expr","locations":[{"start":{"line":31,"column":29},"end":{"line":31,"column":50}},{"start":{"line":31,"column":54},"end":{"line":31,"column":57}}],"line":31},"1":{"loc":{"start":{"line":32,"column":24},"end":{"line":32,"column":45}},"type":"binary-expr","locations":[{"start":{"line":32,"column":24},"end":{"line":32,"column":40}},{"start":{"line":32,"column":44},"end":{"line":32,"column":45}}],"line":32},"2":{"loc":{"start":{"line":33,"column":31},"end":{"line":33,"column":61}},"type":"binary-expr","locations":[{"start":{"line":33,"column":31},"end":{"line":33,"column":55}},{"start":{"line":33,"column":59},"end":{"line":33,"column":61}}],"line":33},"3":{"loc":{"start":{"line":34,"column":31},"end":{"line":34,"column":61}},"type":"binary-expr","locations":[{"start":{"line":34,"column":31},"end":{"line":34,"column":55}},{"start":{"line":34,"column":59},"end":{"line":34,"column":61}}],"line":34},"4":{"loc":{"start":{"line":35,"column":24},"end":{"line":35,"column":47}},"type":"binary-expr","locations":[{"start":{"line":35,"column":24},"end":{"line":35,"column":40}},{"start":{"line":35,"column":44},"end":{"line":35,"column":47}}],"line":35},"5":{"loc":{"start":{"line":36,"column":23},"end":{"line":36,"column":46}},"type":"binary-expr","locations":[{"start":{"line":36,"column":23},"end":{"line":36,"column":38}},{"start":{"line":36,"column":42},"end":{"line":36,"column":46}}],"line":36},"6":{"loc":{"start":{"line":37,"column":27},"end":{"line":37,"column":54}},"type":"binary-expr","locations":[{"start":{"line":37,"column":27},"end":{"line":37,"column":46}},{"start":{"line":37,"column":50},"end":{"line":37,"column":54}}],"line":37},"7":{"loc":{"start":{"line":38,"column":27},"end":{"line":38,"column":55}},"type":"binary-expr","locations":[{"start":{"line":38,"column":27},"end":{"line":38,"column":47}},{"start":{"line":38,"column":51},"end":{"line":38,"column":55}}],"line":38},"8":{"loc":{"start":{"line":42,"column":19},"end":{"line":42,"column":82}},"type":"cond-expr","locations":[{"start":{"line":42,"column":49},"end":{"line":42,"column":53}},{"start":{"line":42,"column":56},"end":{"line":42,"column":82}}],"line":42},"9":{"loc":{"start":{"line":43,"column":28},"end":{"line":43,"column":53}},"type":"binary-expr","locations":[{"start":{"line":43,"column":28},"end":{"line":43,"column":48}},{"start":{"line":43,"column":52},"end":{"line":43,"column":53}}],"line":43},"10":{"loc":{"start":{"line":64,"column":19},"end":{"line":64,"column":68}},"type":"cond-expr","locations":[{"start":{"line":64,"column":38},"end":{"line":64,"column":61}},{"start":{"line":64,"column":64},"end":{"line":64,"column":68}}],"line":64},"11":{"loc":{"start":{"line":85,"column":4},"end":{"line":85,"column":99}},"type":"if","locations":[{"start":{"line":85,"column":4},"end":{"line":85,"column":99}},{"start":{},"end":{}}],"line":85},"12":{"loc":{"start":{"line":99,"column":7},"end":{"line":99,"column":27}},"type":"binary-expr","locations":[{"start":{"line":99,"column":7},"end":{"line":99,"column":19}},{"start":{"line":99,"column":23},"end":{"line":99,"column":27}}],"line":99},"13":{"loc":{"start":{"line":99,"column":29},"end":{"line":99,"column":47}},"type":"binary-expr","locations":[{"start":{"line":99,"column":29},"end":{"line":99,"column":39}},{"start":{"line":99,"column":43},"end":{"line":99,"column":47}}],"line":99},"14":{"loc":{"start":{"line":99,"column":55},"end":{"line":99,"column":74}},"type":"binary-expr","locations":[{"start":{"line":99,"column":55},"end":{"line":99,"column":66}},{"start":{"line":99,"column":70},"end":{"line":99,"column":74}}],"line":99},"15":{"loc":{"start":{"line":99,"column":83},"end":{"line":99,"column":104}},"type":"binary-expr","locations":[{"start":{"line":99,"column":83},"end":{"line":99,"column":96}},{"start":{"line":99,"column":100},"end":{"line":99,"column":104}}],"line":99},"16":{"loc":{"start":{"line":99,"column":106},"end":{"line":99,"column":126}},"type":"binary-expr","locations":[{"start":{"line":99,"column":106},"end":{"line":99,"column":121}},{"start":{"line":99,"column":125},"end":{"line":99,"column":126}}],"line":99},"17":{"loc":{"start":{"line":99,"column":135},"end":{"line":99,"column":151}},"type":"binary-expr","locations":[{"start":{"line":99,"column":135},"end":{"line":99,"column":143}},{"start":{"line":99,"column":147},"end":{"line":99,"column":151}}],"line":99},"18":{"loc":{"start":{"line":111,"column":4},"end":{"line":111,"column":100}},"type":"if","locations":[{"start":{"line":111,"column":4},"end":{"line":111,"column":100}},{"start":{},"end":{}}],"line":111},"19":{"loc":{"start":{"line":128,"column":8},"end":{"line":128,"column":79}},"type":"cond-expr","locations":[{"start":{"line":128,"column":42},"end":{"line":128,"column":59}},{"start":{"line":128,"column":62},"end":{"line":128,"column":79}}],"line":128},"20":{"loc":{"start":{"line":129,"column":8},"end":{"line":129,"column":73}},"type":"cond-expr","locations":[{"start":{"line":129,"column":40},"end":{"line":129,"column":55}},{"start":{"line":129,"column":58},"end":{"line":129,"column":73}}],"line":129},"21":{"loc":{"start":{"line":130,"column":8},"end":{"line":130,"column":29}},"type":"binary-expr","locations":[{"start":{"line":130,"column":8},"end":{"line":130,"column":17}},{"start":{"line":130,"column":21},"end":{"line":130,"column":29}}],"line":130},"22":{"loc":{"start":{"line":131,"column":8},"end":{"line":131,"column":75}},"type":"cond-expr","locations":[{"start":{"line":131,"column":41},"end":{"line":131,"column":57}},{"start":{"line":131,"column":60},"end":{"line":131,"column":75}}],"line":131},"23":{"loc":{"start":{"line":132,"column":8},"end":{"line":132,"column":57}},"type":"cond-expr","locations":[{"start":{"line":132,"column":35},"end":{"line":132,"column":45}},{"start":{"line":132,"column":48},"end":{"line":132,"column":57}}],"line":132},"24":{"loc":{"start":{"line":133,"column":8},"end":{"line":133,"column":82}},"type":"cond-expr","locations":[{"start":{"line":133,"column":43},"end":{"line":133,"column":61}},{"start":{"line":133,"column":64},"end":{"line":133,"column":82}}],"line":133},"25":{"loc":{"start":{"line":134,"column":8},"end":{"line":134,"column":88}},"type":"cond-expr","locations":[{"start":{"line":134,"column":45},"end":{"line":134,"column":65}},{"start":{"line":134,"column":68},"end":{"line":134,"column":88}}],"line":134},"26":{"loc":{"start":{"line":135,"column":8},"end":{"line":135,"column":57}},"type":"cond-expr","locations":[{"start":{"line":135,"column":35},"end":{"line":135,"column":45}},{"start":{"line":135,"column":48},"end":{"line":135,"column":57}}],"line":135},"27":{"loc":{"start":{"line":136,"column":8},"end":{"line":136,"column":67}},"type":"cond-expr","locations":[{"start":{"line":136,"column":38},"end":{"line":136,"column":51}},{"start":{"line":136,"column":54},"end":{"line":136,"column":67}}],"line":136},"28":{"loc":{"start":{"line":153,"column":4},"end":{"line":153,"column":99}},"type":"if","locations":[{"start":{"line":153,"column":4},"end":{"line":153,"column":99}},{"start":{},"end":{}}],"line":153}},"s":{"0":4,"1":4,"2":4,"3":4,"4":4,"5":4,"6":4,"7":4,"8":4,"9":4,"10":4,"11":4,"12":4,"13":4,"14":3,"15":1,"16":4,"17":3,"18":3,"19":2,"20":1,"21":1,"22":1,"23":4,"24":2,"25":2,"26":2,"27":1,"28":1,"29":1,"30":4,"31":3,"32":3,"33":2,"34":1,"35":1,"36":1,"37":1,"38":1,"39":1,"40":1,"41":4,"42":3,"43":3,"44":2,"45":1,"46":1,"47":1,"48":4},"f":{"0":4,"1":4,"2":3,"3":2,"4":3,"5":3},"b":{"0":[4,4],"1":[4,4],"2":[4,4],"3":[4,4],"4":[4,4],"5":[4,0],"6":[4,4],"7":[4,4],"8":[0,4],"9":[4,0],"10":[1,3],"11":[1,1],"12":[2,2],"13":[2,2],"14":[2,1],"15":[2,1],"16":[2,1],"17":[2,1],"18":[1,1],"19":[0,1],"20":[0,1],"21":[1,0],"22":[0,1],"23":[1,0],"24":[0,1],"25":[0,1],"26":[0,1],"27":[0,1],"28":[1,1]},"_coverageSchema":"1a1c01bbd47fc00a2c39e90264f33305004495a9","hash":"3c3f558f647c5d6c920ca8f9cd8270e99c5100f2"}
,"/home/grimroot/Desktop/8voSemestre/RayoGoPFM/backend/src/routes/index.js": {"path":"/home/grimroot/Desktop/8voSemestre/RayoGoPFM/backend/src/routes/index.js","statementMap":{"0":{"start":{"line":1,"column":19},"end":{"line":1,"column":37}},"1":{"start":{"line":2,"column":19},"end":{"line":2,"column":57}},"2":{"start":{"line":3,"column":23},"end":{"line":3,"column":73}},"3":{"start":{"line":4,"column":22},"end":{"line":4,"column":68}},"4":{"start":{"line":5,"column":22},"end":{"line":5,"column":70}},"5":{"start":{"line":6,"column":20},"end":{"line":6,"column":62}},"6":{"start":{"line":7,"column":23},"end":{"line":7,"column":69}},"7":{"start":{"line":8,"column":22},"end":{"line":8,"column":68}},"8":{"start":{"line":9,"column":21},"end":{"line":9,"column":65}},"9":{"start":{"line":10,"column":27},"end":{"line":10,"column":83}},"10":{"start":{"line":11,"column":19},"end":{"line":11,"column":57}},"11":{"start":{"line":13,"column":15},"end":{"line":13,"column":23}},"12":{"start":{"line":15,"column":0},"end":{"line":15,"column":32}},"13":{"start":{"line":16,"column":0},"end":{"line":16,"column":42}},"14":{"start":{"line":17,"column":0},"end":{"line":17,"column":39}},"15":{"start":{"line":18,"column":0},"end":{"line":18,"column":40}},"16":{"start":{"line":19,"column":0},"end":{"line":19,"column":35}},"17":{"start":{"line":20,"column":0},"end":{"line":20,"column":40}},"18":{"start":{"line":21,"column":0},"end":{"line":21,"column":39}},"19":{"start":{"line":22,"column":0},"end":{"line":22,"column":37}},"20":{"start":{"line":23,"column":0},"end":{"line":23,"column":49}},"21":{"start":{"line":24,"column":0},"end":{"line":24,"column":32}},"22":{"start":{"line":26,"column":0},"end":{"line":26,"column":24}}},"fnMap":{},"branchMap":{},"s":{"0":4,"1":4,"2":4,"3":4,"4":4,"5":4,"6":4,"7":4,"8":4,"9":4,"10":4,"11":4,"12":4,"13":4,"14":4,"15":4,"16":4,"17":4,"18":4,"19":4,"20":4,"21":4,"22":4},"f":{},"b":{},"_coverageSchema":"1a1c01bbd47fc00a2c39e90264f33305004495a9","hash":"9c121988d71f96aec33cf2be0661f7e4bdb16eb4"}
,"/home/grimroot/Desktop/8voSemestre/RayoGoPFM/backend/src/utils/token.js": {"path":"/home/grimroot/Desktop/8voSemestre/RayoGoPFM/backend/src/utils/token.js","statementMap":{"0":{"start":{"line":1,"column":12},"end":{"line":1,"column":35}},"1":{"start":{"line":4,"column":2},"end":{"line":13,"column":4}},"2":{"start":{"line":16,"column":0},"end":{"line":16,"column":35}}},"fnMap":{"0":{"name":"signUserToken","decl":{"start":{"line":3,"column":9},"end":{"line":3,"column":22}},"loc":{"start":{"line":3,"column":29},"end":{"line":14,"column":1}},"line":3}},"branchMap":{"0":{"loc":{"start":{"line":11,"column":4},"end":{"line":11,"column":42}},"type":"binary-expr","locations":[{"start":{"line":11,"column":4},"end":{"line":11,"column":26}},{"start":{"line":11,"column":30},"end":{"line":11,"column":42}}],"line":11}},"s":{"0":5,"1":15,"2":5},"f":{"0":15},"b":{"0":[15,1]},"_coverageSchema":"1a1c01bbd47fc00a2c39e90264f33305004495a9","hash":"97d9cd7ae9dae76e004742f064ecc6f9760ad550"}
}
