TN:
SF:src/app.js
FN:19,(anonymous_0)
FNF:1
FNH:1
FNDA:1,(anonymous_0)
DA:1,4
DA:2,4
DA:3,4
DA:4,4
DA:5,4
DA:6,4
DA:7,4
DA:8,4
DA:10,4
DA:12,4
DA:13,4
DA:14,4
DA:15,4
DA:16,4
DA:17,4
DA:19,4
DA:20,1
DA:23,4
DA:24,4
DA:26,4
LF:20
LH:20
BRDA:13,0,0,4
BRDA:13,0,1,0
BRDA:17,1,0,4
BRDA:17,1,1,0
BRF:4
BRH:2
end_of_record
TN:
SF:src/middlewares/auth.middleware.js
FN:3,requireAuth
FNF:1
FNH:1
FNDA:45,requireAuth
DA:1,5
DA:4,45
DA:5,45
DA:7,45
DA:8,1
DA:11,44
DA:12,44
DA:13,42
DA:15,2
DA:16,1
DA:18,1
DA:22,5
LF:12
LH:12
BRDA:4,0,0,45
BRDA:4,0,1,1
BRDA:5,1,0,44
BRDA:5,1,1,1
BRDA:7,2,0,1
BRDA:7,2,1,44
BRDA:12,3,0,44
BRDA:12,3,1,0
BRDA:15,4,0,1
BRDA:15,4,1,1
BRF:10
BRH:9
end_of_record
TN:
SF:src/middlewares/error.middleware.js
FN:1,errorHandler
FNF:1
FNH:1
FNDA:19,errorHandler
DA:2,19
DA:3,19
DA:5,19
DA:6,19
DA:7,19
DA:10,19
DA:15,5
LF:7
LH:7
BRDA:3,0,0,19
BRDA:3,0,1,19
BRDA:6,1,0,19
BRDA:6,1,1,0
BRDA:6,2,0,19
BRDA:6,2,1,0
BRDA:6,2,2,0
BRDA:6,2,3,0
BRDA:11,3,0,19
BRDA:11,3,1,0
BRF:10
BRH:5
end_of_record
TN:
SF:src/middlewares/role.middleware.js
FN:1,allowRoles
FN:2,(anonymous_1)
FNF:2
FNH:2
FNDA:62,allowRoles
FNDA:15,(anonymous_1)
DA:2,62
DA:3,15
DA:4,3
DA:6,12
DA:10,5
LF:5
LH:5
BRDA:3,0,0,3
BRDA:3,0,1,12
BRDA:3,1,0,15
BRDA:3,1,1,15
BRF:4
BRH:4
end_of_record
TN:
SF:src/middlewares/validate.middleware.js
FN:1,validate
FN:2,(anonymous_1)
FN:5,(anonymous_2)
FNF:3
FNH:3
FNDA:62,validate
FNDA:37,(anonymous_1)
FNDA:1,(anonymous_2)
DA:2,62
DA:3,37
DA:4,37
DA:5,1
DA:11,1
DA:13,1
DA:18,36
DA:19,36
DA:23,5
LF:9
LH:9
BRDA:4,0,0,1
BRDA:4,0,1,36
BRDA:11,1,0,1
BRDA:11,1,1,0
BRF:4
BRH:3
end_of_record
TN:
SF:src/modules/addresses/addresses.routes.js
FN:17,mapAddress
FN:29,(anonymous_1)
FN:41,(anonymous_2)
FN:65,(anonymous_3)
FNF:4
FNH:4
FNDA:5,mapAddress
FNDA:4,(anonymous_1)
FNDA:3,(anonymous_2)
FNDA:3,(anonymous_3)
DA:1,4
DA:2,4
DA:3,4
DA:4,4
DA:5,4
DA:7,4
DA:9,4
DA:18,5
DA:29,4
DA:30,4
DA:31,4
DA:35,3
DA:37,1
DA:41,4
DA:42,3
DA:43,3
DA:44,3
DA:45,3
DA:46,3
DA:47,2
DA:49,3
DA:55,2
DA:56,2
DA:58,1
DA:59,1
DA:61,3
DA:65,4
DA:66,3
DA:67,3
DA:71,2
DA:72,1
DA:74,1
DA:78,4
LF:33
LH:33
BRDA:46,0,0,2
BRDA:46,0,1,1
BRDA:71,1,0,1
BRDA:71,1,1,1
BRF:4
BRH:4
end_of_record
TN:
SF:src/modules/auth/auth.routes.js
FN:14,(anonymous_0)
FN:28,(anonymous_1)
FN:33,(anonymous_2)
FN:42,publicUser
FN:56,(anonymous_4)
FN:75,(anonymous_5)
FN:98,(anonymous_6)
FN:123,(anonymous_7)
FN:138,(anonymous_8)
FN:164,(anonymous_9)
FN:196,(anonymous_10)
FN:213,(anonymous_11)
FN:221,(anonymous_12)
FNF:13
FNH:13
FNDA:5,(anonymous_0)
FNDA:4,(anonymous_1)
FNDA:6,(anonymous_2)
FNDA:15,publicUser
FNDA:5,(anonymous_4)
FNDA:4,(anonymous_5)
FNDA:4,(anonymous_6)
FNDA:3,(anonymous_7)
FNDA:5,(anonymous_8)
FNDA:2,(anonymous_9)
FNDA:6,(anonymous_10)
FNDA:2,(anonymous_11)
FNDA:2,(anonymous_12)
DA:1,4
DA:2,4
DA:3,4
DA:4,4
DA:5,4
DA:6,4
DA:7,4
DA:9,4
DA:12,4
DA:14,5
DA:19,4
DA:26,4
DA:28,4
DA:32,4
DA:33,6
DA:37,4
DA:43,15
DA:56,4
DA:57,5
DA:58,5
DA:59,5
DA:60,4
DA:62,3
DA:63,3
DA:70,3
DA:71,3
DA:72,1
DA:75,4
DA:76,4
DA:77,4
DA:78,4
DA:81,3
DA:82,1
DA:87,1
DA:89,2
DA:90,2
DA:93,2
DA:94,2
DA:95,1
DA:98,4
DA:99,4
DA:100,4
DA:102,3
DA:105,3
DA:106,1
DA:109,2
DA:114,1
DA:116,1
DA:118,1
DA:119,1
DA:123,4
DA:124,3
DA:125,3
DA:126,3
DA:127,1
DA:129,2
DA:133,1
DA:134,1
DA:135,1
DA:138,4
DA:139,5
DA:140,5
DA:141,5
DA:142,4
DA:143,4
DA:145,4
DA:146,3
DA:147,1
DA:149,2
DA:150,2
DA:153,2
DA:154,2
DA:159,2
DA:160,2
DA:161,1
DA:164,4
DA:165,2
DA:166,2
DA:167,2
DA:170,2
DA:171,1
DA:174,1
DA:177,1
DA:180,1
DA:182,1
DA:184,1
DA:185,0
DA:188,1
DA:190,1
DA:191,1
DA:192,1
DA:196,4
DA:197,6
DA:198,6
DA:199,6
DA:201,5
DA:202,4
DA:203,4
DA:205,3
DA:206,3
DA:208,2
DA:209,2
DA:210,1
DA:213,4
DA:214,2
DA:215,2
DA:216,2
DA:217,1
DA:218,0
DA:221,4
DA:222,2
DA:223,2
DA:224,2
DA:225,1
DA:226,1
DA:229,4
LF:116
LH:114
BRDA:60,0,0,1
BRDA:60,0,1,3
BRDA:81,1,0,1
BRDA:81,1,1,2
BRDA:90,2,0,1
BRDA:90,2,1,1
BRDA:100,3,0,1
BRDA:100,3,1,3
BRDA:105,4,0,1
BRDA:105,4,1,2
BRDA:105,5,0,3
BRDA:105,5,1,3
BRDA:105,5,2,2
BRDA:114,6,0,0
BRDA:114,6,1,1
BRDA:126,7,0,1
BRDA:126,7,1,2
BRDA:126,8,0,3
BRDA:126,8,1,3
BRDA:133,9,0,0
BRDA:133,9,1,1
BRDA:142,10,0,0
BRDA:142,10,1,4
BRDA:145,11,0,3
BRDA:145,11,1,1
BRDA:146,12,0,1
BRDA:146,12,1,2
BRDA:150,13,0,1
BRDA:150,13,1,1
BRDA:184,14,0,0
BRDA:184,14,1,1
BRDA:201,15,0,1
BRDA:201,15,1,4
BRDA:203,16,0,1
BRDA:203,16,1,3
BRDA:205,17,0,3
BRDA:205,17,1,0
BRDA:206,18,0,1
BRDA:206,18,1,2
BRDA:216,19,0,1
BRDA:216,19,1,1
BRDA:223,20,0,0
BRDA:223,20,1,2
BRF:43
BRH:37
end_of_record
TN:
SF:src/modules/categories/categories.routes.js
FN:11,(anonymous_0)
FN:22,(anonymous_1)
FNF:2
FNH:2
FNDA:2,(anonymous_0)
FNDA:3,(anonymous_1)
DA:1,4
DA:2,4
DA:3,4
DA:4,4
DA:5,4
DA:6,4
DA:8,4
DA:9,4
DA:11,4
DA:12,2
DA:13,2
DA:16,1
DA:18,1
DA:22,4
DA:23,3
DA:24,3
DA:30,2
DA:32,1
DA:36,4
LF:19
LH:19
BRF:0
BRH:0
end_of_record
TN:
SF:src/modules/products/products.routes.js
FN:22,mapProduct
FN:62,(anonymous_1)
FN:78,(anonymous_2)
FN:92,(anonymous_3)
FN:108,(anonymous_4)
FN:147,(anonymous_5)
FNF:6
FNH:6
FNDA:4,mapProduct
FNDA:4,(anonymous_1)
FNDA:3,(anonymous_2)
FNDA:2,(anonymous_3)
FNDA:3,(anonymous_4)
FNDA:3,(anonymous_5)
DA:1,4
DA:2,4
DA:3,4
DA:4,4
DA:5,4
DA:6,4
DA:8,4
DA:10,4
DA:23,4
DA:51,4
DA:62,4
DA:63,4
DA:64,4
DA:65,4
DA:72,3
DA:74,1
DA:78,4
DA:79,3
DA:80,3
DA:85,2
DA:86,1
DA:88,1
DA:92,4
DA:93,2
DA:94,2
DA:95,2
DA:101,1
DA:102,1
DA:104,1
DA:108,4
DA:109,3
DA:110,3
DA:111,2
DA:112,1
DA:113,1
DA:114,1
DA:140,1
DA:141,1
DA:143,1
DA:147,4
DA:148,3
DA:149,3
DA:153,2
DA:154,1
DA:156,1
DA:160,4
LF:46
LH:46
BRDA:31,0,0,4
BRDA:31,0,1,4
BRDA:32,1,0,4
BRDA:32,1,1,4
BRDA:33,2,0,4
BRDA:33,2,1,4
BRDA:34,3,0,4
BRDA:34,3,1,4
BRDA:35,4,0,4
BRDA:35,4,1,4
BRDA:36,5,0,4
BRDA:36,5,1,0
BRDA:37,6,0,4
BRDA:37,6,1,4
BRDA:38,7,0,4
BRDA:38,7,1,4
BRDA:42,8,0,0
BRDA:42,8,1,4
BRDA:43,9,0,4
BRDA:43,9,1,0
BRDA:64,10,0,1
BRDA:64,10,1,3
BRDA:85,11,0,1
BRDA:85,11,1,1
BRDA:99,12,0,2
BRDA:99,12,1,2
BRDA:99,13,0,2
BRDA:99,13,1,2
BRDA:99,14,0,2
BRDA:99,14,1,1
BRDA:99,15,0,2
BRDA:99,15,1,1
BRDA:99,16,0,2
BRDA:99,16,1,1
BRDA:99,17,0,2
BRDA:99,17,1,1
BRDA:111,18,0,1
BRDA:111,18,1,1
BRDA:128,19,0,0
BRDA:128,19,1,1
BRDA:129,20,0,0
BRDA:129,20,1,1
BRDA:130,21,0,1
BRDA:130,21,1,0
BRDA:131,22,0,0
BRDA:131,22,1,1
BRDA:132,23,0,1
BRDA:132,23,1,0
BRDA:133,24,0,0
BRDA:133,24,1,1
BRDA:134,25,0,0
BRDA:134,25,1,1
BRDA:135,26,0,0
BRDA:135,26,1,1
BRDA:136,27,0,0
BRDA:136,27,1,1
BRDA:153,28,0,1
BRDA:153,28,1,1
BRF:58
BRH:46
end_of_record
TN:
SF:src/routes/index.js
FNF:0
FNH:0
DA:1,4
DA:2,4
DA:3,4
DA:4,4
DA:5,4
DA:6,4
DA:7,4
DA:8,4
DA:9,4
DA:10,4
DA:11,4
DA:13,4
DA:15,4
DA:16,4
DA:17,4
DA:18,4
DA:19,4
DA:20,4
DA:21,4
DA:22,4
DA:23,4
DA:24,4
DA:26,4
LF:23
LH:23
BRF:0
BRH:0
end_of_record
TN:
SF:src/utils/token.js
FN:3,signUserToken
FNF:1
FNH:1
FNDA:15,signUserToken
DA:1,5
DA:4,15
DA:16,5
LF:3
LH:3
BRDA:11,0,0,15
BRDA:11,0,1,1
BRF:2
BRH:2
end_of_record
